<?xml version="1.0" encoding="UTF-8"?>
<testng-results ignored="1" total="3" passed="2" failed="0" skipped="0">
  <reporter-output>
  </reporter-output>
  <suite started-at="2021-06-07T22:16:40 IST" name="Suite1" finished-at="2021-06-07T22:16:54 IST" duration-ms="14389">
    <groups>
    </groups>
    <test started-at="2021-06-07T22:16:40 IST" name="Test1" finished-at="2021-06-07T22:16:54 IST" duration-ms="14389">
      <class name="tests.GoogleTestCase_TestNG_Demo2">
        <test-method is-config="true" signature="setupTest()[pri:0, instance:tests.GoogleTestCase_TestNG_Demo2@5d0a1059]" started-at="2021-06-07T22:16:43 IST" name="setupTest" finished-at="2021-06-07T22:16:45 IST" duration-ms="1394" status="PASS">
          <reporter-output>
          </reporter-output>
        </test-method> <!-- setupTest -->
        <test-method signature="GoogleTestCase3()[pri:0, instance:tests.GoogleTestCase_TestNG_Demo2@5d0a1059]" started-at="2021-06-07T22:16:45 IST" name="GoogleTestCase3" finished-at="2021-06-07T22:16:53 IST" duration-ms="7990" status="PASS">
          <reporter-output>
          </reporter-output>
        </test-method> <!-- GoogleTestCase3 -->
        <test-method is-config="true" signature="tearDowntest()[pri:0, instance:tests.GoogleTestCase_TestNG_Demo2@5d0a1059]" started-at="2021-06-07T22:16:53 IST" name="tearDowntest" finished-at="2021-06-07T22:16:54 IST" duration-ms="893" status="PASS">
          <reporter-output>
          </reporter-output>
        </test-method> <!-- tearDowntest -->
      </class> <!-- tests.GoogleTestCase_TestNG_Demo2 -->
      <class name="tests.GoogleTestCase_TestNG_Demo">
        <test-method is-config="true" signature="setupTest()[pri:0, instance:tests.GoogleTestCase_TestNG_Demo@209da20d]" started-at="2021-06-07T22:16:40 IST" name="setupTest" finished-at="2021-06-07T22:16:43 IST" duration-ms="3232" status="PASS">
          <reporter-output>
          </reporter-output>
        </test-method> <!-- setupTest -->
        <test-method signature="GoogleTestCase()[pri:0, instance:tests.GoogleTestCase_TestNG_Demo@209da20d]" started-at="2021-06-07T22:16:45 IST" name="GoogleTestCase" finished-at="2021-06-07T22:16:52 IST" duration-ms="7503" status="PASS">
          <reporter-output>
          </reporter-output>
        </test-method> <!-- GoogleTestCase -->
        <test-method is-config="true" signature="tearDowntest()[pri:0, instance:tests.GoogleTestCase_TestNG_Demo@209da20d]" started-at="2021-06-07T22:16:53 IST" name="tearDowntest" finished-at="2021-06-07T22:16:53 IST" duration-ms="816" status="PASS">
          <reporter-output>
          </reporter-output>
        </test-method> <!-- tearDowntest -->
      </class> <!-- tests.GoogleTestCase_TestNG_Demo -->
    </test> <!-- Test1 -->
  </suite> <!-- Suite1 -->
</testng-results>
