<?xml version="1.0" encoding="UTF-8"?>
<!-- Generated by org.testng.reporters.JUnitXMLReporter -->
<testsuite ignored="1" hostname="2RPNZ53" failures="0" tests="2" name="Test1" time="14.389" errors="0" timestamp="2021-06-07T22:16:54 IST">
  <testcase classname="tests.GoogleTestCase_TestNG_Demo" name="GoogleTestCase" time="7.503"/>
  <testcase classname="tests.GoogleTestCase_TestNG_Demo2" name="GoogleTestCase3" time="7.99"/>
  <testcase classname="tests.GoogleTestCase_TestNG_Demo2" name="GoogleTestCase2" time="0.0">
    <ignored/>
  </testcase> <!-- GoogleTestCase2 -->
</testsuite> <!-- Test1 -->
